

--- Starting Vite (npm run dev) ---

> tiendaclick@0.0.0 dev
> vite --host


  [32m[1mVITE[22m v7.1.10[39m  [2mready in [0m[1m206[22m[2m[0m ms[22m

  [32m➜[39m  [1mLocal[22m:   [36mhttp://localhost:[1m5173[22m/[39m
  [32m➜[39m  [1mNetwork[22m: [36mhttp://192.168.100.156:[1m5173[22m/[39m
  [32m➜[39m  [1mNetwork[22m: [36mhttp://192.168.56.1:[1m5173[22m/[39m
[2m[32m  ➜[39m[22m[2m  press [22m[1mh + enter[22m[2m to show help[22m


--- Starting Vite (npm run dev) ---

> tiendaclick@0.0.0 dev
> vite --host


  [32m[1mVITE[22m v7.1.10[39m  [2mready in [0m[1m194[22m[2m[0m ms[22m

  [32m➜[39m  [1mLocal[22m:   [36mhttp://localhost:[1m5173[22m/[39m
  [32m➜[39m  [1mNetwork[22m: [36mhttp://192.168.100.156:[1m5173[22m/[39m
  [32m➜[39m  [1mNetwork[22m: [36mhttp://192.168.56.1:[1m5173[22m/[39m
[2m[32m  ➜[39m[22m[2m  press [22m[1mh + enter[22m[2m to show help[22m
[2m06:46:02[22m [36m[1m[vite][22m[39m [32m.env.development changed, restarting server...[39m
[2m06:46:02[22m [36m[1m[vite][22m[39m [32mvite.config.js changed, restarting server...[39m
[2m06:46:02[22m [36m[1m[vite][22m[39m [90m[2m(client)[22m[39m [32mpage reload [39m[2mbootstrap-5.3.7-dist/bootstrap-5.3.7-dist/js/bootstrap.bundle.js[22m
[2m06:46:02[22m [36m[1m[vite][22m[39m [90m[2m(client)[22m[39m [32mpage reload [39m[2mindex.html[22m
[2m06:46:02[22m [36m[1m[vite][22m[39m [90m[2m(client)[22m[39m [32mhmr update [39m[2m/src/App.jsx[22m
[2m06:46:02[22m [36m[1m[vite][22m[39m [90m[2m(client)[22m[39m [32mhmr update [39m[2m/src/components/auth/AuthGuard.jsx[22m
[2m06:46:02[22m [36m[1m[vite][22m[39m [90m[2m(client)[22m[39m [32mhmr update [39m[2m/src/components/auth/DeleteUser.jsx[22m
[2m06:46:02[22m [36m[1m[vite][22m[39m [90m[2m(client)[22m[39m [32mhmr update [39m[2m/src/components/auth/login.jsx[22m
[2m06:46:02[22m [36m[1m[vite][22m[39m [90m[2m(client)[22m[39m [32mhmr update [39m[2m/src/components/auth/PrivateRoute.jsx[22m
[2m06:46:02[22m [36m[1m[vite][22m[39m [90m[2m(client)[22m[39m [32mhmr update [39m[2m/src/components/auth/SignUp.jsx[22m
[2m06:46:02[22m [36m[1m[vite][22m[39m [90m[2m(client)[22m[39m [32mhmr update [39m[2m/src/components/blame/ProductBlame.jsx[22m
[2m06:46:02[22m [36m[1m[vite][22m[39m [90m[2m(client)[22m[39m [32mhmr update [39m[2m/src/components/crud/AddItemModal.jsx[22m
[2m06:46:02[22m [36m[1m[vite][22m[39m [90m[2m(client)[22m[39m [32mhmr update [39m[2m/src/components/crud/ConfirmationModal.jsx[22m
[2m06:46:02[22m [36m[1m[vite][22m[39m [90m[2m(client)[22m[39m [32mhmr update [39m[2m/src/components/crud/CustomInput.jsx[22m
[2m06:46:02[22m [36m[1m[vite][22m[39m [90m[2m(client)[22m[39m [32mhmr update [39m[2m/src/components/crud/Header.jsx[22m
[2m06:46:02[22m [36m[1m[vite][22m[39m [90m[2m(client)[22m[39m [32mhmr update [39m[2m/src/components/crud/Input.jsx[22m
[2m06:46:02[22m [36m[1m[vite][22m[39m [90m[2m(client)[22m[39m [32mhmr update [39m[2m/src/components/crud/Item.jsx[22m
[2m06:46:02[22m [36m[1m[vite][22m[39m [90m[2m(client)[22m[39m [32mhmr update [39m[2m/src/components/crud/SelectedItemsModal.jsx[22m
[2m06:46:02[22m [36m[1m[vite][22m[39m [90m[2m(client)[22m[39m [32mhmr update [39m[2m/src/components/crud/Table.jsx[22m
[2m06:46:02[22m [36m[1m[vite][22m[39m [90m[2m(client)[22m[39m [32mpage reload [39m[2msrc/components/crud/hooks/useAddItemForm.js[22m
[2m06:46:02[22m [36m[1m[vite][22m[39m [90m[2m(client)[22m[39m [32mpage reload [39m[2msrc/components/crud/hooks/useModal.js[22m
[2m06:46:02[22m [36m[1m[vite][22m[39m [90m[2m(client)[22m[39m [32mhmr update [39m[2m/src/components/dashboard/ActionBox.jsx[22m
[2m06:46:02[22m [36m[1m[vite][22m[39m [90m[2m(client)[22m[39m [32mhmr update [39m[2m/src/components/dashboard/Dashboard.jsx[22m
[2m06:46:02[22m [36m[1m[vite][22m[39m [90m[2m(client)[22m[39m [32mhmr update [39m[2m/src/components/dashboard/DashboardHeader.jsx[22m
[2m06:46:02[22m [36m[1m[vite][22m[39m [90m[2m(client)[22m[39m [32mhmr update [39m[2m/src/components/dashboard/SalesChart.jsx[22m
[2m06:46:02[22m [36m[1m[vite][22m[39m [90m[2m(client)[22m[39m [32mhmr update [39m[2m/src/components/global/TitleDropdown.jsx[22m
[2m06:46:02[22m [36m[1m[vite][22m[39m [90m[2m(client)[22m[39m [32mhmr update [39m[2m/src/components/home/Home.jsx[22m
[2m06:46:02[22m [36m[1m[vite][22m[39m [90m[2m(client)[22m[39m [32mhmr update [39m[2m/src/components/inventory/CreateOfferModal.jsx[22m
[2m06:46:02[22m [36m[1m[vite][22m[39m [90m[2m(client)[22m[39m [32mhmr update [39m[2m/src/components/inventory/Inventory.jsx[22m
[2m06:46:02[22m [36m[1m[vite][22m[39m [90m[2m(client)[22m[39m [32mhmr update [39m[2m/src/components/inventory/Pagination.jsx[22m
[2m06:46:02[22m [36m[1m[vite][22m[39m [90m[2m(client)[22m[39m [32mhmr update [39m[2m/src/components/inventory/PriceUpdateModal.jsx[22m
[2m06:46:02[22m [36m[1m[vite][22m[39m [90m[2m(client)[22m[39m [32mhmr update [39m[2m/src/components/inventory/ProductInfoModal.jsx[22m
[2m06:46:02[22m [36m[1m[vite][22m[39m [90m[2m(client)[22m[39m [32mhmr update [39m[2m/src/components/inventory/Search.jsx[22m
[2m06:46:02[22m [36m[1m[vite][22m[39m [90m[2m(client)[22m[39m [32mhmr update [39m[2m/src/components/inventory/SimpleHeader.jsx[22m
[2m06:46:02[22m [36m[1m[vite][22m[39m [90m[2m(client)[22m[39m [32mpage reload [39m[2msrc/components/inventory/forms/useAddItemsConfig.jsx[22m
[2m06:46:02[22m [36m[1m[vite][22m[39m [90m[2m(client)[22m[39m [32mhmr update [39m[2m/src/components/permissions_manager/PermissionVerifier.jsx[22m
[2m06:46:02[22m [36m[1m[vite][22m[39m [90m[2m(client)[22m[39m [32mhmr update [39m[2m/src/components/offers/Offers.jsx[22m
[2m06:46:02[22m [36m[1m[vite][22m[39m [90m[2m(client)[22m[39m [32mhmr update [39m[2m/src/components/pin_manager/PinManager.jsx[22m
[2m06:46:02[22m [36m[1m[vite][22m[39m [90m[2m(client)[22m[39m [32mhmr update [39m[2m/src/components/profile/Profile.jsx[22m
[2m06:46:02[22m [36m[1m[vite][22m[39m [90m[2m(client)[22m[39m [32mhmr update [39m[2m/src/components/providers/Providers.jsx[22m
[2m06:46:02[22m [36m[1m[vite][22m[39m [90m[2m(client)[22m[39m [32mpage reload [39m[2msrc/components/providers/forms/AddProviderConfig.js[22m
[2m06:46:02[22m [36m[1m[vite][22m[39m [90m[2m(client)[22m[39m [32mpage reload [39m[2msrc/components/providers/forms/providerExtraInfoConfig.js[22m
[2m06:46:02[22m [36m[1m[vite][22m[39m [90m[2m(client)[22m[39m [32mpage reload [39m[2msrc/components/providers/hooks/useProviders.js[22m
[2m06:46:02[22m [36m[1m[vite][22m[39m [90m[2m(client)[22m[39m [32mhmr update [39m[2m/src/components/sideNav/Nav.jsx[22m
[2m06:46:02[22m [36m[1m[vite][22m[39m [90m[2m(client)[22m[39m [32mhmr update [39m[2m/src/components/sideNav/NavLink.jsx[22m
[2m06:46:02[22m [36m[1m[vite][22m[39m [90m[2m(client)[22m[39m [32mhmr update [39m[2m/src/components/sideNav/SideBar.jsx[22m
[2m06:46:02[22m [36m[1m[vite][22m[39m [90m[2m(client)[22m[39m [32mhmr update [39m[2m/src/components/sideNav/SideBarBrand.jsx[22m
[2m06:46:02[22m [36m[1m[vite][22m[39m [90m[2m(client)[22m[39m [32mhmr update [39m[2m/src/components/sales/SaleDetailModal.jsx[22m
[2m06:46:02[22m [36m[1m[vite][22m[39m [90m[2m(client)[22m[39m [32mhmr update [39m[2m/src/components/sales/Sales.jsx[22m
[2m06:46:02[22m [36m[1m[vite][22m[39m [90m[2m(client)[22m[39m [32mpage reload [39m[2msrc/main.jsx[22m
[2m06:46:02[22m [36m[1m[vite][22m[39m [90m[2m(client)[22m[39m [32mhmr update [39m[2m/src/css/App.css[22m
[2m06:46:02[22m [36m[1m[vite][22m[39m [90m[2m(client)[22m[39m [32mhmr update [39m[2m/src/css/auth.css[22m
[2m06:46:02[22m [36m[1m[vite][22m[39m [90m[2m(client)[22m[39m [32mhmr update [39m[2m/src/css/blame.css[22m
[2m06:46:02[22m [36m[1m[vite][22m[39m [90m[2m(client)[22m[39m [32mpage reload [39m[2msrc/css/bootstrap-icons.css[22m
[2m06:46:02[22m [36m[1m[vite][22m[39m [90m[2m(client)[22m[39m [32mhmr update [39m[2m/src/css/dashboard.css[22m
[2m06:46:02[22m [36m[1m[vite][22m[39m [90m[2m(client)[22m[39m [32mhmr update [39m[2m/src/css/index.css[22m
[2m06:46:02[22m [36m[1m[vite][22m[39m [90m[2m(client)[22m[39m [32mhmr update [39m[2m/src/css/inventory.css[22m
[2m06:46:02[22m [36m[1m[vite][22m[39m [90m[2m(client)[22m[39m [32mhmr update [39m[2m/src/css/providers.css[22m
[2m06:46:02[22m [36m[1m[vite][22m[39m [90m[2m(client)[22m[39m [32mpage reload [39m[2msrc/css/fonts/bootstrap-icons.woff[22m
[2m06:46:02[22m [36m[1m[vite][22m[39m [90m[2m(client)[22m[39m [32mpage reload [39m[2msrc/css/fonts/bootstrap-icons.woff2[22m
[2m06:46:02[22m [36m[1m[vite][22m[39m [90m[2m(client)[22m[39m [32mpage reload [39m[2msrc/services/axios.services.js[22m
[2m06:46:02[22m [36m[1m[vite][22m[39m [90m[2m(client)[22m[39m [32mhmr update [39m[2m/src/context/NotificationSystem.jsx[22m
[2m06:46:02[22m [36m[1m[vite][22m[39m [90m[2m(client)[22m[39m [32mhmr update [39m[2m/src/context/PinContext.jsx[22m
[2m06:46:02[22m [36m[1m[vite][22m[39m [90m[2m(client)[22m[39m [32mhmr update [39m[2m/src/context/UserContext.jsx[22m
[2m06:46:02[22m [36m[1m[vite][22m[39m server restarted.
[2m06:49:44[22m [36m[1m[vite][22m[39m [32m.env.development changed, restarting server...[39m
[2m06:49:44[22m [36m[1m[vite][22m[39m server restarted.
[2m06:49:44[22m [36m[1m[vite][22m[39m [90m[2m(client)[22m[39m [32mpage reload [39m[2mindex.html[22m
[2m06:51:35[22m [36m[1m[vite][22m[39m [90m[2m(client)[22m[39m [32m✨ new dependencies optimized: [33mreact, react-dom/client, react-router-dom, uuid, axios, react-bootstrap, react-icons/fa[32m[39m
[2m06:51:36[22m [36m[1m[vite][22m[39m [90m[2m(client)[22m[39m [32m✨ new dependencies optimized: [33mreact-router, react-apexcharts, lucide-react, react-hook-form, react-select, react-datepicker[32m[39m
[2m06:51:36[22m [36m[1m[vite][22m[39m [90m[2m(client)[22m[39m [32m✨ optimized dependencies changed. reloading[39m
[2m06:55:52[22m [36m[1m[vite][22m[39m [90m[2m(client)[22m[39m [32mpage reload [39m[2msrc/main.jsx[22m
[2m06:58:17[22m [36m[1m[vite][22m[39m [90m[2m(client)[22m[39m [32mpage reload [39m[2msrc/main.jsx[22m


--- Starting Vite (npm run dev) ---

> tiendaclick@0.0.0 dev
> vite --host

Port 5173 is in use, trying another one...

  [32m[1mVITE[22m v7.1.10[39m  [2mready in [0m[1m261[22m[2m[0m ms[22m

  [32m➜[39m  [1mLocal[22m:   [36mhttp://localhost:[1m5174[22m/[39m
  [32m➜[39m  [1mNetwork[22m: [36mhttp://192.168.100.156:[1m5174[22m/[39m
  [32m➜[39m  [1mNetwork[22m: [36mhttp://192.168.56.1:[1m5174[22m/[39m
[2m[32m  ➜[39m[22m[2m  press [22m[1mh + enter[22m[2m to show help[22m
